0 info it worked if it ends with ok
1 verbose cli [ '/usr/local/bin/node',
1 verbose cli   '/usr/local/bin/npm',
1 verbose cli   'completion',
1 verbose cli   '--',
1 verbose cli   'npm',
1 verbose cli   'run' ]
2 info using npm@3.8.9
3 info using node@v4.3.2
4 verbose stack TypeError: Cannot read property 'length' of undefined
4 verbose stack     at EventEmitter.completion (/usr/local/lib/node_modules/npm/lib/completion.js:79:22)
4 verbose stack     at Object.commandCache.(anonymous function) (/usr/local/lib/node_modules/npm/lib/npm.js:114:13)
4 verbose stack     at EventEmitter.<anonymous> (/usr/local/lib/node_modules/npm/bin/npm-cli.js:74:30)
4 verbose stack     at nextTickCallbackWith0Args (node.js:415:9)
4 verbose stack     at process._tickCallback (node.js:344:13)
5 verbose cwd /Users/mikegnanakone/Desktop/Code/April/NotaryBot/BlockchainInk/client
6 error Darwin 15.4.0
7 error argv "/usr/local/bin/node" "/usr/local/bin/npm" "completion" "--" "npm" "run"
8 error node v4.3.2
9 error npm  v3.8.9
10 error Cannot read property 'length' of undefined
11 error If you need help, you may report this error at:
11 error     <https://github.com/npm/npm/issues>
12 verbose exit [ 1, true ]
